2025-09-14 10:23:08,787 - INFO - Starting optimized router setup...
2025-09-14 10:23:08,787 - INFO - Connecting to 192.168.2.1 (attempt 1/3)
2025-09-14 10:23:29,834 - WARNING - Connection error (attempt 1): [WinError 10060] A connection attempt failed because the connected party did not properly respond after a period of time, or established connection failed because connected host has failed to respond
2025-09-14 10:23:31,835 - INFO - Connecting to 192.168.2.1 (attempt 2/3)
2025-09-14 10:23:52,883 - WARNING - Connection error (attempt 2): [WinError 10060] A connection attempt failed because the connected party did not properly respond after a period of time, or established connection failed because connected host has failed to respond
2025-09-14 10:23:56,887 - INFO - Connecting to 192.168.2.1 (attempt 3/3)
2025-09-14 10:24:17,920 - WARNING - Connection error (attempt 3): [WinError 10060] A connection attempt failed because the connected party did not properly respond after a period of time, or established connection failed because connected host has failed to respond
2025-09-14 10:24:17,920 - ERROR - Setup failed with error: [WinError 10060] A connection attempt failed because the connected party did not properly respond after a period of time, or established connection failed because connected host has failed to respond
2025-09-14 10:24:28,207 - INFO - Starting optimized router setup...
2025-09-14 10:24:28,207 - INFO - Connecting to 192.168.2.1 (attempt 1/3)
2025-09-14 10:24:28,227 - INFO - Connected (version 2.0, client dropbear)
2025-09-14 10:24:28,471 - INFO - Authentication (password) successful!
2025-09-14 10:24:28,471 - INFO - Successfully connected to router!
2025-09-14 10:24:28,472 - INFO - Executing 3 commands in parallel (max 3 workers)
2025-09-14 10:24:28,477 - INFO - Executing: opkg list-installed | grep mwan3
2025-09-14 10:24:28,478 - INFO - Executing: uci show network
2025-09-14 10:24:28,478 - INFO - Executing: uci show firewall
2025-09-14 10:24:28,550 - INFO - Command completed successfully in 0.07s
2025-09-14 10:24:28,551 - INFO - Completed: uci show network
2025-09-14 10:24:28,555 - INFO - Command completed successfully in 0.08s
2025-09-14 10:24:28,556 - INFO - Completed: uci show firewall
2025-09-14 10:24:28,715 - WARNING - Command failed with exit code 1
2025-09-14 10:24:28,716 - INFO - Completed: opkg list-installed | grep mwan3
2025-09-14 10:24:28,716 - INFO - [1/6] Executing: opkg update
2025-09-14 10:24:28,717 - INFO - Executing: opkg update
2025-09-14 10:24:35,308 - INFO - Command completed successfully in 6.59s
2025-09-14 10:24:38,318 - INFO - [2/6] Executing: opkg install luci-app-mwan3
2025-09-14 10:24:38,318 - INFO - Executing: opkg install luci-app-mwan3
2025-09-14 10:25:30,404 - INFO - Command completed successfully in 52.08s
2025-09-14 10:25:33,408 - INFO - [3/6] Executing: opkg install luci-app-mwan3 luci-i18n-mwan3-zh-cn
2025-09-14 10:25:33,412 - INFO - Executing: opkg install luci-app-mwan3 luci-i18n-mwan3-zh-cn
2025-09-14 10:25:43,385 - INFO - Command completed successfully in 9.97s
2025-09-14 10:25:46,387 - INFO - [4/6] Executing: /etc/init.d/mwan3 enable
2025-09-14 10:25:46,388 - INFO - Executing: /etc/init.d/mwan3 enable
2025-09-14 10:25:46,627 - INFO - Command completed successfully in 0.24s
2025-09-14 10:25:47,628 - INFO - [5/6] Executing: /etc/init.d/mwan3 start
2025-09-14 10:25:47,629 - INFO - Executing: /etc/init.d/mwan3 start
2025-09-14 10:25:51,708 - INFO - Command completed successfully in 4.08s
2025-09-14 10:25:52,709 - INFO - [6/6] Executing: uci show mwan3
2025-09-14 10:25:52,710 - INFO - Executing: uci show mwan3
2025-09-14 10:25:52,739 - INFO - Command completed successfully in 0.03s
2025-09-14 10:25:52,740 - INFO - SSH connection closed.
2025-09-14 10:25:52,741 - INFO - 
============================================================
2025-09-14 10:25:52,741 - INFO - EXECUTION SUMMARY
2025-09-14 10:25:52,742 - INFO - ============================================================
2025-09-14 10:25:52,742 - INFO - Total commands: 9
2025-09-14 10:25:52,743 - INFO - Successful: 8
2025-09-14 10:25:52,743 - INFO - Failed: 1
2025-09-14 10:25:52,743 - INFO - Total execution time: 73.38s
2025-09-14 10:25:52,744 - INFO - Average time per command: 8.15s
2025-09-14 10:25:52,744 - WARNING - 
FAILED COMMANDS:
2025-09-14 10:25:52,745 - WARNING -   - opkg list-installed | grep mwan3
2025-09-14 10:25:52,745 - WARNING -     Error: 
2025-09-14 10:25:52,751 - INFO - Detailed results saved to ssh_setup_results.json
2025-09-14 10:27:35,985 - INFO - Starting optimized router setup...
2025-09-14 10:27:35,986 - INFO - Connecting to 192.168.2.1 (attempt 1/3)
2025-09-14 10:27:57,038 - WARNING - Connection error (attempt 1): [WinError 10060] A connection attempt failed because the connected party did not properly respond after a period of time, or established connection failed because connected host has failed to respond
2025-09-14 10:27:59,045 - INFO - Connecting to 192.168.2.1 (attempt 2/3)
2025-09-14 10:28:20,083 - WARNING - Connection error (attempt 2): [WinError 10060] A connection attempt failed because the connected party did not properly respond after a period of time, or established connection failed because connected host has failed to respond
2025-09-14 10:28:24,084 - INFO - Connecting to 192.168.2.1 (attempt 3/3)
2025-09-14 10:28:24,113 - INFO - Connected (version 2.0, client dropbear)
2025-09-14 10:28:24,311 - INFO - Authentication (password) successful!
2025-09-14 10:28:24,313 - INFO - Successfully connected to router!
2025-09-14 10:28:24,314 - INFO - Executing 3 commands in parallel (max 3 workers)
2025-09-14 10:28:24,320 - INFO - Executing: opkg list-installed | grep mwan3
2025-09-14 10:28:24,321 - INFO - Executing: uci show network
2025-09-14 10:28:24,321 - INFO - Executing: uci show firewall
2025-09-14 10:28:24,390 - INFO - Command completed successfully in 0.07s
2025-09-14 10:28:24,391 - INFO - Completed: uci show firewall
2025-09-14 10:28:24,401 - INFO - Command completed successfully in 0.08s
2025-09-14 10:28:24,402 - INFO - Completed: uci show network
2025-09-14 10:28:24,561 - WARNING - Command failed with exit code 1
2025-09-14 10:28:24,562 - INFO - Completed: opkg list-installed | grep mwan3
2025-09-14 10:28:24,564 - INFO - [1/6] Executing: opkg update
2025-09-14 10:28:24,565 - INFO - Executing: opkg update
2025-09-14 10:28:29,977 - INFO - Command completed successfully in 5.41s
2025-09-14 10:28:32,979 - INFO - [2/6] Executing: opkg install luci-app-mwan3
2025-09-14 10:28:32,980 - INFO - Executing: opkg install luci-app-mwan3
2025-09-14 10:29:21,644 - INFO - Command completed successfully in 48.66s
2025-09-14 10:29:24,646 - INFO - [3/6] Executing: opkg install luci-app-mwan3 luci-i18n-mwan3-zh-cn
2025-09-14 10:29:24,648 - INFO - Executing: opkg install luci-app-mwan3 luci-i18n-mwan3-zh-cn
2025-09-14 10:29:34,359 - INFO - Command completed successfully in 9.71s
2025-09-14 10:29:37,361 - INFO - [4/6] Executing: /etc/init.d/mwan3 enable
2025-09-14 10:29:37,362 - INFO - Executing: /etc/init.d/mwan3 enable
2025-09-14 10:29:37,600 - INFO - Command completed successfully in 0.24s
2025-09-14 10:29:38,601 - INFO - [5/6] Executing: /etc/init.d/mwan3 start
2025-09-14 10:29:38,602 - INFO - Executing: /etc/init.d/mwan3 start
2025-09-14 10:29:42,614 - INFO - Command completed successfully in 4.01s
2025-09-14 10:29:43,615 - INFO - [6/6] Executing: uci show mwan3
2025-09-14 10:29:43,617 - INFO - Executing: uci show mwan3
2025-09-14 10:29:43,646 - INFO - Command completed successfully in 0.03s
2025-09-14 10:29:43,649 - INFO - SSH connection closed.
2025-09-14 10:29:43,650 - INFO - 
============================================================
2025-09-14 10:29:43,651 - INFO - EXECUTION SUMMARY
2025-09-14 10:29:43,651 - INFO - ============================================================
2025-09-14 10:29:43,652 - INFO - Total commands: 9
2025-09-14 10:29:43,653 - INFO - Successful: 8
2025-09-14 10:29:43,660 - INFO - Failed: 1
2025-09-14 10:29:43,661 - INFO - Total execution time: 68.45s
2025-09-14 10:29:43,661 - INFO - Average time per command: 7.61s
2025-09-14 10:29:43,662 - WARNING - 
FAILED COMMANDS:
2025-09-14 10:29:43,663 - WARNING -   - opkg list-installed | grep mwan3
2025-09-14 10:29:43,663 - WARNING -     Error: 
2025-09-14 10:29:43,667 - INFO - Detailed results saved to ssh_setup_results.json
2025-09-14 10:32:19,134 - INFO - Starting optimized router setup...
2025-09-14 10:32:19,134 - INFO - Connecting to 192.168.2.1 (attempt 1/3)
2025-09-14 10:32:19,154 - INFO - Connected (version 2.0, client dropbear)
2025-09-14 10:32:19,354 - INFO - Authentication (password) successful!
2025-09-14 10:32:19,354 - INFO - Successfully connected to router!
2025-09-14 10:32:19,355 - INFO - Executing 3 commands in parallel (max 3 workers)
2025-09-14 10:32:19,360 - INFO - Executing: opkg list-installed | grep mwan3
2025-09-14 10:32:19,361 - INFO - Executing: uci show network
2025-09-14 10:32:19,362 - INFO - Executing: uci show firewall
2025-09-14 10:32:19,439 - INFO - Command completed successfully in 0.08s
2025-09-14 10:32:19,440 - INFO - Completed: uci show network
2025-09-14 10:32:19,446 - INFO - Command completed successfully in 0.08s
2025-09-14 10:32:19,447 - INFO - Completed: uci show firewall
2025-09-14 10:32:19,609 - WARNING - Command failed with exit code 1
2025-09-14 10:32:19,610 - INFO - Completed: opkg list-installed | grep mwan3
2025-09-14 10:32:19,613 - INFO - [1/6] Executing: opkg update
2025-09-14 10:32:19,613 - INFO - Executing: opkg update
2025-09-14 10:32:25,133 - INFO - Command completed successfully in 5.52s
2025-09-14 10:32:28,172 - INFO - [2/6] Executing: opkg install luci-app-mwan3
2025-09-14 10:32:28,172 - INFO - Executing: opkg install luci-app-mwan3
2025-09-14 10:33:15,888 - INFO - Command completed successfully in 47.71s
2025-09-14 10:33:18,889 - INFO - [3/6] Executing: opkg install luci-app-mwan3 luci-i18n-mwan3-zh-cn
2025-09-14 10:33:18,890 - INFO - Executing: opkg install luci-app-mwan3 luci-i18n-mwan3-zh-cn
2025-09-14 10:33:28,751 - INFO - Command completed successfully in 9.86s
2025-09-14 10:33:31,753 - INFO - [4/6] Executing: /etc/init.d/mwan3 enable
2025-09-14 10:33:31,754 - INFO - Executing: /etc/init.d/mwan3 enable
2025-09-14 10:33:31,992 - INFO - Command completed successfully in 0.24s
2025-09-14 10:33:32,993 - INFO - [5/6] Executing: /etc/init.d/mwan3 start
2025-09-14 10:33:32,996 - INFO - Executing: /etc/init.d/mwan3 start
2025-09-14 10:33:37,074 - INFO - Command completed successfully in 4.08s
2025-09-14 10:33:38,075 - INFO - [6/6] Executing: uci show mwan3
2025-09-14 10:33:38,076 - INFO - Executing: uci show mwan3
2025-09-14 10:33:38,104 - INFO - Command completed successfully in 0.03s
2025-09-14 10:33:38,107 - INFO - SSH connection closed.
2025-09-14 10:33:38,108 - INFO - 
============================================================
2025-09-14 10:33:38,108 - INFO - EXECUTION SUMMARY
2025-09-14 10:33:38,109 - INFO - ============================================================
2025-09-14 10:33:38,109 - INFO - Total commands: 9
2025-09-14 10:33:38,109 - INFO - Successful: 8
2025-09-14 10:33:38,109 - INFO - Failed: 1
2025-09-14 10:33:38,109 - INFO - Total execution time: 67.85s
2025-09-14 10:33:38,110 - INFO - Average time per command: 7.54s
2025-09-14 10:33:38,110 - WARNING - 
FAILED COMMANDS:
2025-09-14 10:33:38,110 - WARNING -   - opkg list-installed | grep mwan3
2025-09-14 10:33:38,110 - WARNING -     Error: 
2025-09-14 10:33:38,111 - INFO - Detailed results saved to ssh_setup_results.json
2025-09-14 10:41:43,205 - INFO - Starting optimized router setup...
2025-09-14 10:41:43,207 - INFO - Connecting to 192.168.2.1 (attempt 1/3)
2025-09-14 10:42:04,234 - WARNING - Connection error (attempt 1): [WinError 10060] A connection attempt failed because the connected party did not properly respond after a period of time, or established connection failed because connected host has failed to respond
2025-09-14 10:42:06,248 - INFO - Connecting to 192.168.2.1 (attempt 2/3)
2025-09-14 10:42:06,267 - INFO - Connected (version 2.0, client dropbear)
2025-09-14 10:42:06,519 - INFO - Authentication (password) successful!
2025-09-14 10:42:06,529 - INFO - Successfully connected to router!
2025-09-14 10:42:06,542 - INFO - Executing 3 commands in parallel (max 3 workers)
2025-09-14 10:42:06,600 - INFO - Executing: opkg list-installed | grep mwan3
2025-09-14 10:42:06,620 - INFO - Executing: uci show network
2025-09-14 10:42:06,651 - INFO - Executing: uci show firewall
2025-09-14 10:42:06,729 - INFO - Command completed successfully in 0.11s
2025-09-14 10:42:06,738 - INFO - Completed: uci show network
2025-09-14 10:42:06,742 - INFO - Command completed successfully in 0.09s
2025-09-14 10:42:06,765 - INFO - Completed: uci show firewall
2025-09-14 10:42:06,871 - WARNING - Command failed with exit code 1
2025-09-14 10:42:06,888 - INFO - Completed: opkg list-installed | grep mwan3
2025-09-14 10:42:06,906 - INFO - [1/6] Executing: opkg update
2025-09-14 10:42:06,919 - INFO - Executing: opkg update
2025-09-14 10:42:13,043 - INFO - Command completed successfully in 6.12s
2025-09-14 10:42:16,046 - INFO - [2/6] Executing: opkg install luci-app-mwan3
2025-09-14 10:42:16,049 - INFO - Executing: opkg install luci-app-mwan3
2025-09-14 10:43:03,645 - INFO - Command completed successfully in 47.60s
2025-09-14 10:43:06,659 - INFO - [3/6] Executing: opkg install luci-app-mwan3 luci-i18n-mwan3-zh-cn
2025-09-14 10:43:06,677 - INFO - Executing: opkg install luci-app-mwan3 luci-i18n-mwan3-zh-cn
2025-09-14 10:43:16,582 - INFO - Command completed successfully in 9.90s
2025-09-14 10:43:19,584 - INFO - [4/6] Executing: /etc/init.d/mwan3 enable
2025-09-14 10:43:19,586 - INFO - Executing: /etc/init.d/mwan3 enable
2025-09-14 10:43:19,824 - INFO - Command completed successfully in 0.24s
2025-09-14 10:43:20,827 - INFO - [5/6] Executing: /etc/init.d/mwan3 start
2025-09-14 10:43:20,828 - INFO - Executing: /etc/init.d/mwan3 start
2025-09-14 10:43:24,849 - INFO - Command completed successfully in 4.02s
2025-09-14 10:43:25,850 - INFO - [6/6] Executing: uci show mwan3
2025-09-14 10:43:25,851 - INFO - Executing: uci show mwan3
2025-09-14 10:43:25,882 - INFO - Command completed successfully in 0.03s
2025-09-14 10:43:25,886 - INFO - SSH connection closed.
2025-09-14 10:43:25,887 - INFO - 
============================================================
2025-09-14 10:43:25,887 - INFO - EXECUTION SUMMARY
2025-09-14 10:43:25,888 - INFO - ============================================================
2025-09-14 10:43:25,889 - INFO - Total commands: 9
2025-09-14 10:43:25,890 - INFO - Successful: 8
2025-09-14 10:43:25,891 - INFO - Failed: 1
2025-09-14 10:43:25,891 - INFO - Total execution time: 68.38s
2025-09-14 10:43:25,892 - INFO - Average time per command: 7.60s
2025-09-14 10:43:25,893 - WARNING - 
FAILED COMMANDS:
2025-09-14 10:43:25,894 - WARNING -   - opkg list-installed | grep mwan3
2025-09-14 10:43:25,895 - WARNING -     Error: 
2025-09-14 10:43:25,900 - INFO - Detailed results saved to ssh_setup_results.json
2025-09-14 10:45:42,507 - INFO - Starting optimized router setup...
2025-09-14 10:45:42,510 - INFO - Connecting to 192.168.2.1 (attempt 1/3)
2025-09-14 10:45:42,552 - INFO - Connected (version 2.0, client dropbear)
2025-09-14 10:45:42,755 - INFO - Authentication (password) successful!
2025-09-14 10:45:42,756 - INFO - Successfully connected to router!
2025-09-14 10:45:42,756 - INFO - Executing 3 commands in parallel (max 3 workers)
2025-09-14 10:45:42,771 - INFO - Executing: opkg list-installed | grep mwan3
2025-09-14 10:45:42,773 - INFO - Executing: uci show network
2025-09-14 10:45:42,775 - INFO - Executing: uci show firewall
2025-09-14 10:45:42,856 - INFO - Command completed successfully in 0.08s
2025-09-14 10:45:42,858 - INFO - Completed: uci show network
2025-09-14 10:45:42,862 - INFO - Command completed successfully in 0.09s
2025-09-14 10:45:42,864 - INFO - Completed: uci show firewall
2025-09-14 10:45:43,010 - WARNING - Command failed with exit code 1
2025-09-14 10:45:43,011 - INFO - Completed: opkg list-installed | grep mwan3
2025-09-14 10:45:43,013 - INFO - [1/6] Executing: opkg update
2025-09-14 10:45:43,014 - INFO - Executing: opkg update
2025-09-14 10:45:48,769 - INFO - Command completed successfully in 5.76s
2025-09-14 10:45:51,771 - INFO - [2/6] Executing: opkg install luci-app-mwan3
2025-09-14 10:45:51,772 - INFO - Executing: opkg install luci-app-mwan3
2025-09-14 10:46:39,408 - INFO - Command completed successfully in 47.63s
2025-09-14 10:46:42,411 - INFO - [3/6] Executing: opkg install luci-app-mwan3 luci-i18n-mwan3-zh-cn
2025-09-14 10:46:42,412 - INFO - Executing: opkg install luci-app-mwan3 luci-i18n-mwan3-zh-cn
2025-09-14 10:46:52,113 - INFO - Command completed successfully in 9.70s
2025-09-14 10:46:55,114 - INFO - [4/6] Executing: /etc/init.d/mwan3 enable
2025-09-14 10:46:55,116 - INFO - Executing: /etc/init.d/mwan3 enable
2025-09-14 10:46:55,380 - INFO - Command completed successfully in 0.26s
2025-09-14 10:46:56,384 - INFO - [5/6] Executing: /etc/init.d/mwan3 start
2025-09-14 10:46:56,385 - INFO - Executing: /etc/init.d/mwan3 start
2025-09-14 10:47:00,403 - INFO - Command completed successfully in 4.02s
2025-09-14 10:47:01,405 - INFO - [6/6] Executing: uci show mwan3
2025-09-14 10:47:01,405 - INFO - Executing: uci show mwan3
2025-09-14 10:47:01,436 - INFO - Command completed successfully in 0.03s
2025-09-14 10:47:01,439 - INFO - SSH connection closed.
2025-09-14 10:47:01,440 - INFO - 
============================================================
2025-09-14 10:47:01,440 - INFO - EXECUTION SUMMARY
2025-09-14 10:47:01,441 - INFO - ============================================================
2025-09-14 10:47:01,441 - INFO - Total commands: 9
2025-09-14 10:47:01,442 - INFO - Successful: 8
2025-09-14 10:47:01,442 - INFO - Failed: 1
2025-09-14 10:47:01,443 - INFO - Total execution time: 67.81s
2025-09-14 10:47:01,444 - INFO - Average time per command: 7.53s
2025-09-14 10:47:01,444 - WARNING - 
FAILED COMMANDS:
2025-09-14 10:47:01,445 - WARNING -   - opkg list-installed | grep mwan3
2025-09-14 10:47:01,446 - WARNING -     Error: 
2025-09-14 10:47:01,452 - INFO - Detailed results saved to ssh_setup_results.json
